<?xml version="1.0" encoding="utf-8"?><testsuites name="pytest tests"><testsuite name="pytest" errors="0" failures="5" skipped="0" tests="99" time="41.468" timestamp="2026-05-04T21:28:12.266092+00:00" hostname="agent-env-0f6a0bae-ecc1-4911-a6d3-e07417f5aafe"><testcase classname="backend.tests.test_api.TestRoot" name="test_root" time="0.197" /><testcase classname="backend.tests.test_api.TestProducts" name="test_list_products_returns_at_least_12" time="0.161" /><testcase classname="backend.tests.test_api.TestProducts" name="test_filter_by_category_brake" time="0.158" /><testcase classname="backend.tests.test_api.TestProducts" name="test_search_q_brake_case_insensitive" time="0.166" /><testcase classname="backend.tests.test_api.TestProducts" name="test_get_single_product" time="0.311" /><testcase classname="backend.tests.test_api.TestProducts" name="test_get_product_404" time="0.133" /><testcase classname="backend.tests.test_api.TestAuthGating" name="test_requires_auth[/api/auth/me]" time="0.153" /><testcase classname="backend.tests.test_api.TestAuthGating" name="test_requires_auth[/api/workshop/me]" time="0.149" /><testcase classname="backend.tests.test_api.TestAuthGating" name="test_requires_auth[/api/orders]" time="0.169" /><testcase classname="backend.tests.test_api.TestAuthGating" name="test_auth_me_with_workshop_token" time="0.209" /><testcase classname="backend.tests.test_api.TestAuthGating" name="test_workshop_me" time="0.170" /><testcase classname="backend.tests.test_api.TestWorkshopProfile" name="test_update_profile" time="0.139" /><testcase classname="backend.tests.test_api.TestOrders" name="test_create_order_403_when_kyc_not_approved" time="0.356" /><testcase classname="backend.tests.test_api.TestOrders" name="test_create_order_below_moq" time="0.159" /><testcase classname="backend.tests.test_api.TestOrders" name="test_create_cod_order_success" time="0.196"><failure message="assert 608.0 == (320 * 2)">backend/tests/test_api.py:154: in test_create_cod_order_success
    assert order["total_bdt"] == cheap_product["price_bdt"] * moq
E   assert 608.0 == (320 * 2)</failure></testcase><testcase classname="backend.tests.test_api.TestOrders" name="test_create_credit_order_success_and_credit_used" time="0.159" /><testcase classname="backend.tests.test_api.TestOrders" name="test_create_credit_order_insufficient" time="0.205" /><testcase classname="backend.tests.test_api.TestOrders" name="test_list_orders_for_workshop" time="0.154" /><testcase classname="backend.tests.test_api.TestAdminRBAC" name="test_workshop_forbidden[/api/admin/stats]" time="0.148" /><testcase classname="backend.tests.test_api.TestAdminRBAC" name="test_workshop_forbidden[/api/admin/workshops]" time="0.141" /><testcase classname="backend.tests.test_api.TestAdminRBAC" name="test_admin_allowed[/api/admin/stats]" time="0.205" /><testcase classname="backend.tests.test_api.TestAdminRBAC" name="test_admin_allowed[/api/admin/workshops]" time="0.198" /><testcase classname="backend.tests.test_api.TestAdminWorkflow" name="test_admin_stats_shape" time="0.170" /><testcase classname="backend.tests.test_api.TestAdminWorkflow" name="test_kyc_decision_approved" time="0.177" /><testcase classname="backend.tests.test_api.TestAdminWorkflow" name="test_kyc_decision_invalid" time="0.177" /><testcase classname="backend.tests.test_api.TestAdminWorkflow" name="test_set_credit_limit" time="0.159" /><testcase classname="backend.tests.test_api.TestAdminWorkflow" name="test_order_status_progression" time="0.001"><failure message="AssertionError: cod_order_id missing&#10;assert None">backend/tests/test_api.py:262: in test_order_status_progression
    assert oid, "cod_order_id missing"
E   AssertionError: cod_order_id missing
E   assert None</failure></testcase><testcase classname="backend.tests.test_api.TestAdminWorkflow" name="test_mark_credit_order_paid_decrements_credit" time="0.172" /><testcase classname="backend.tests.test_api.TestAdminProducts" name="test_admin_product_crud" time="0.873" /><testcase classname="backend.tests.test_api.TestAdminProducts" name="test_workshop_cannot_create_product" time="0.146" /><testcase classname="backend.tests.test_api.TestKycUpload" name="test_upload_and_serve" time="0.717" /><testcase classname="backend.tests.test_api.TestKycUpload" name="test_files_requires_auth" time="0.151" /><testcase classname="backend.tests.test_api.TestKycUpload" name="test_files_forbidden_other_user" time="0.141" /><testcase classname="backend.tests.test_phase2_checkout.TestKits" name="test_list_kits_returns_5_ordered_by_tier" time="0.150" /><testcase classname="backend.tests.test_phase2_checkout.TestProductsExpandedCatalog" name="test_products_count_and_categories" time="0.181" /><testcase classname="backend.tests.test_phase2_checkout.TestProductsExpandedCatalog" name="test_products_filter_body_kits_returns_5" time="0.144" /><testcase classname="backend.tests.test_phase2_checkout.TestProductsExpandedCatalog" name="test_products_search_stealth" time="0.146" /><testcase classname="backend.tests.test_phase2_checkout.TestStripeCheckout" name="test_create_checkout_unauth_401" time="0.270" /><testcase classname="backend.tests.test_phase2_checkout.TestStripeCheckout" name="test_create_checkout_kyc_pending_403" time="0.284" /><testcase classname="backend.tests.test_phase2_checkout.TestStripeCheckout" name="test_create_checkout_invalid_product_400" time="0.147" /><testcase classname="backend.tests.test_phase2_checkout.TestStripeCheckout" name="test_create_checkout_success_persists_state" time="0.999" /><testcase classname="backend.tests.test_phase2_checkout.TestStripeCheckout" name="test_status_unauth_401" time="0.154" /><testcase classname="backend.tests.test_phase2_checkout.TestStripeCheckout" name="test_status_ownership_enforced" time="0.176" /><testcase classname="backend.tests.test_phase2_checkout.TestStripeCheckout" name="test_status_unknown_session_404" time="0.147" /><testcase classname="backend.tests.test_phase2_checkout.TestStripeWebhook" name="test_webhook_invalid_signature_returns_4xx_not_5xx" time="0.157" /><testcase classname="backend.tests.test_phase2_checkout.TestSeedIdempotency" name="test_no_duplicate_skus" time="0.009" /><testcase classname="backend.tests.test_phase2_checkout.TestRegression" name="test_root" time="0.148" /><testcase classname="backend.tests.test_phase2_checkout.TestRegression" name="test_auth_required_for_orders" time="0.174" /><testcase classname="backend.tests.test_phase2_checkout.TestRegression" name="test_cod_order_still_works" time="0.353" /><testcase classname="backend.tests.test_phase2_checkout.TestRegression" name="test_credit_order_does_not_break" time="0.340" /><testcase classname="backend.tests.test_phase2_checkout.TestRegression" name="test_admin_endpoints_still_work" time="0.156" /><testcase classname="backend.tests.test_phase3.TestQuote" name="test_quote_requires_auth" time="0.131" /><testcase classname="backend.tests.test_phase3.TestQuote" name="test_quote_tier_thresholds[49999-0.0-0.0]" time="0.153" /><testcase classname="backend.tests.test_phase3.TestQuote" name="test_quote_tier_thresholds[50000-0.05-2500.0]" time="0.164" /><testcase classname="backend.tests.test_phase3.TestQuote" name="test_quote_tier_thresholds[99999-0.05-4999.95]" time="0.161" /><testcase classname="backend.tests.test_phase3.TestQuote" name="test_quote_tier_thresholds[100000-0.07-7000.0]" time="0.126" /><testcase classname="backend.tests.test_phase3.TestQuote" name="test_quote_tier_thresholds[299999-0.07-20999.93]" time="0.157" /><testcase classname="backend.tests.test_phase3.TestQuote" name="test_quote_tier_thresholds[300000-0.1-30000.0]" time="0.147" /><testcase classname="backend.tests.test_phase3.TestQuote" name="test_quote_label_set_when_tier_applies" time="0.166" /><testcase classname="backend.tests.test_phase3.TestQuote" name="test_quote_label_empty_below_threshold" time="0.130" /><testcase classname="backend.tests.test_phase3.TestOrdersDiscount" name="test_order_applies_discount_and_credit_used_post_discount" time="0.156"><failure message="assert 114000.0 == 120000.0">backend/tests/test_phase3.py:199: in test_order_applies_discount_and_credit_used_post_discount
    assert order["subtotal_bdt"] == 120000.0
E   assert 114000.0 == 120000.0</failure></testcase><testcase classname="backend.tests.test_phase3.TestOrdersDiscount" name="test_order_below_threshold_no_discount" time="0.178"><failure message="assert 950.0 == 1000.0">backend/tests/test_phase3.py:225: in test_order_below_threshold_no_discount
    assert o["total_bdt"] == 1000.0
E   assert 950.0 == 1000.0</failure></testcase><testcase classname="backend.tests.test_phase3.TestOrdersDiscount" name="test_credit_check_uses_post_discount" time="0.176"><failure message="assert 47500.95 == 50001.0">backend/tests/test_phase3.py:245: in test_credit_check_uses_post_discount
    assert o["subtotal_bdt"] == 50001.0
E   assert 47500.95 == 50001.0</failure></testcase><testcase classname="backend.tests.test_phase3.TestOrdersDiscount" name="test_credit_check_rejects_when_post_discount_exceeds_limit" time="0.152" /><testcase classname="backend.tests.test_phase3.TestInquiriesPublic" name="test_inquiry_public_no_auth_required" time="0.151" /><testcase classname="backend.tests.test_phase3.TestInquiriesPublic" name="test_inquiry_resolves_kit_name" time="0.151" /><testcase classname="backend.tests.test_phase3.TestInquiriesPublic" name="test_inquiry_rejects_missing_required[name]" time="0.130" /><testcase classname="backend.tests.test_phase3.TestInquiriesPublic" name="test_inquiry_rejects_missing_required[phone]" time="0.156" /><testcase classname="backend.tests.test_phase3.TestInquiriesPublic" name="test_inquiry_rejects_missing_required[car_make_model]" time="0.148" /><testcase classname="backend.tests.test_phase3.TestAdminInquiries" name="test_list_requires_admin" time="0.231" /><testcase classname="backend.tests.test_phase3.TestAdminInquiries" name="test_list_unauthenticated_returns_401" time="0.205" /><testcase classname="backend.tests.test_phase3.TestAdminInquiries" name="test_list_sorted_desc_and_status_filter" time="0.331" /><testcase classname="backend.tests.test_phase3.TestAdminInquiries" name="test_patch_requires_admin" time="0.153" /><testcase classname="backend.tests.test_phase3.TestAdminInquiries" name="test_patch_valid_status_with_note" time="0.129" /><testcase classname="backend.tests.test_phase3.TestAdminInquiries" name="test_patch_invalid_status_rejected" time="0.140" /><testcase classname="backend.tests.test_phase3.TestBulkCSV" name="test_requires_admin" time="0.190" /><testcase classname="backend.tests.test_phase3.TestBulkCSV" name="test_missing_required_headers_rejected" time="0.163" /><testcase classname="backend.tests.test_phase3.TestBulkCSV" name="test_non_utf8_rejected" time="0.167" /><testcase classname="backend.tests.test_phase3.TestBulkCSV" name="test_insert_and_update_skus" time="0.178" /><testcase classname="backend.tests.test_phase3.TestBulkCSV" name="test_row_errors_reported_but_others_inserted" time="0.144" /><testcase classname="backend.tests.test_phase3.TestAdminStats" name="test_stats_includes_new_inquiries" time="0.185" /><testcase classname="backend.tests.test_phase4.TestServicePacks" name="test_list_anon_returns_5_packs_retail" time="0.151" /><testcase classname="backend.tests.test_phase4.TestServicePacks" name="test_list_workshop_silver_default_tier" time="0.208" /><testcase classname="backend.tests.test_phase4.TestServicePacks" name="test_list_workshop_gold_tier" time="0.171" /><testcase classname="backend.tests.test_phase4.TestDeliveryPersonsCRUD" name="test_create_requires_admin_workshop_403" time="0.145" /><testcase classname="backend.tests.test_phase4.TestDeliveryPersonsCRUD" name="test_create_anon_401" time="0.138" /><testcase classname="backend.tests.test_phase4.TestDeliveryPersonsCRUD" name="test_list_anon_401" time="0.166" /><testcase classname="backend.tests.test_phase4.TestDeliveryPersonsCRUD" name="test_list_workshop_403" time="20.687" /><testcase classname="backend.tests.test_phase4.TestDeliveryPersonsCRUD" name="test_create_rejects_empty_name" time="0.183" /><testcase classname="backend.tests.test_phase4.TestDeliveryPersonsCRUD" name="test_create_rejects_empty_phone" time="0.150" /><testcase classname="backend.tests.test_phase4.TestDeliveryPersonsCRUD" name="test_create_then_list_then_update_then_delete" time="0.771" /><testcase classname="backend.tests.test_phase4.TestDeliveryPersonsCRUD" name="test_delete_blocked_with_active_assignment" time="0.622" /><testcase classname="backend.tests.test_phase4.TestOrderDeliveryAssignment" name="test_assign_requires_admin" time="0.143" /><testcase classname="backend.tests.test_phase4.TestOrderDeliveryAssignment" name="test_assign_anon_401" time="0.128" /><testcase classname="backend.tests.test_phase4.TestOrderDeliveryAssignment" name="test_assign_unknown_order_404" time="0.165" /><testcase classname="backend.tests.test_phase4.TestOrderDeliveryAssignment" name="test_assign_invalid_rider_400" time="0.140" /><testcase classname="backend.tests.test_phase4.TestOrderDeliveryAssignment" name="test_assign_rider_copies_info_and_history" time="0.326" /><testcase classname="backend.tests.test_phase4.TestOrderDeliveryAssignment" name="test_fee_updates_total_profit_and_credit" time="0.491" /><testcase classname="backend.tests.test_phase4.TestOrderDeliveryAssignment" name="test_fee_no_credit_adjust_on_paid_order" time="0.162" /></testsuite></testsuites>