<?xml version="1.0" encoding="utf-8"?><testsuites name="pytest tests"><testsuite name="pytest" errors="0" failures="0" skipped="0" tests="51" time="60.160" timestamp="2026-04-28T20:45:44.010865+00:00" hostname="agent-env-0f6a0bae-ecc1-4911-a6d3-e07417f5aafe"><testcase classname="backend.tests.test_api.TestRoot" name="test_root" time="0.322" /><testcase classname="backend.tests.test_api.TestProducts" name="test_list_products_returns_at_least_12" time="0.187" /><testcase classname="backend.tests.test_api.TestProducts" name="test_filter_by_category_brake" time="0.273" /><testcase classname="backend.tests.test_api.TestProducts" name="test_search_q_brake_case_insensitive" time="0.250" /><testcase classname="backend.tests.test_api.TestProducts" name="test_get_single_product" time="0.327" /><testcase classname="backend.tests.test_api.TestProducts" name="test_get_product_404" time="0.153" /><testcase classname="backend.tests.test_api.TestAuthGating" name="test_requires_auth[/api/auth/me]" time="0.165" /><testcase classname="backend.tests.test_api.TestAuthGating" name="test_requires_auth[/api/workshop/me]" time="0.175" /><testcase classname="backend.tests.test_api.TestAuthGating" name="test_requires_auth[/api/orders]" time="0.153" /><testcase classname="backend.tests.test_api.TestAuthGating" name="test_auth_me_with_workshop_token" time="0.180" /><testcase classname="backend.tests.test_api.TestAuthGating" name="test_workshop_me" time="0.166" /><testcase classname="backend.tests.test_api.TestWorkshopProfile" name="test_update_profile" time="0.166" /><testcase classname="backend.tests.test_api.TestOrders" name="test_create_order_403_when_kyc_not_approved" time="0.365" /><testcase classname="backend.tests.test_api.TestOrders" name="test_create_order_below_moq" time="0.164" /><testcase classname="backend.tests.test_api.TestOrders" name="test_create_cod_order_success" time="0.177" /><testcase classname="backend.tests.test_api.TestOrders" name="test_create_credit_order_success_and_credit_used" time="0.186" /><testcase classname="backend.tests.test_api.TestOrders" name="test_create_credit_order_insufficient" time="0.177" /><testcase classname="backend.tests.test_api.TestOrders" name="test_list_orders_for_workshop" time="0.212" /><testcase classname="backend.tests.test_api.TestAdminRBAC" name="test_workshop_forbidden[/api/admin/stats]" time="0.189" /><testcase classname="backend.tests.test_api.TestAdminRBAC" name="test_workshop_forbidden[/api/admin/workshops]" time="0.187" /><testcase classname="backend.tests.test_api.TestAdminRBAC" name="test_admin_allowed[/api/admin/stats]" time="0.203" /><testcase classname="backend.tests.test_api.TestAdminRBAC" name="test_admin_allowed[/api/admin/workshops]" time="0.170" /><testcase classname="backend.tests.test_api.TestAdminWorkflow" name="test_admin_stats_shape" time="0.192" /><testcase classname="backend.tests.test_api.TestAdminWorkflow" name="test_kyc_decision_approved" time="0.191" /><testcase classname="backend.tests.test_api.TestAdminWorkflow" name="test_kyc_decision_invalid" time="0.184" /><testcase classname="backend.tests.test_api.TestAdminWorkflow" name="test_set_credit_limit" time="0.168" /><testcase classname="backend.tests.test_api.TestAdminWorkflow" name="test_order_status_progression" time="0.759" /><testcase classname="backend.tests.test_api.TestAdminWorkflow" name="test_mark_credit_order_paid_decrements_credit" time="0.320" /><testcase classname="backend.tests.test_api.TestAdminProducts" name="test_admin_product_crud" time="1.136" /><testcase classname="backend.tests.test_api.TestAdminProducts" name="test_workshop_cannot_create_product" time="0.180" /><testcase classname="backend.tests.test_api.TestKycUpload" name="test_upload_and_serve" time="0.779" /><testcase classname="backend.tests.test_api.TestKycUpload" name="test_files_requires_auth" time="20.070" /><testcase classname="backend.tests.test_api.TestKycUpload" name="test_files_forbidden_other_user" time="11.447" /><testcase classname="backend.tests.test_phase2_checkout.TestKits" name="test_list_kits_returns_5_ordered_by_tier" time="2.393" /><testcase classname="backend.tests.test_phase2_checkout.TestProductsExpandedCatalog" name="test_products_count_and_categories" time="0.253" /><testcase classname="backend.tests.test_phase2_checkout.TestProductsExpandedCatalog" name="test_products_filter_body_kits_returns_5" time="11.408" /><testcase classname="backend.tests.test_phase2_checkout.TestProductsExpandedCatalog" name="test_products_search_stealth" time="0.226" /><testcase classname="backend.tests.test_phase2_checkout.TestStripeCheckout" name="test_create_checkout_unauth_401" time="0.397" /><testcase classname="backend.tests.test_phase2_checkout.TestStripeCheckout" name="test_create_checkout_kyc_pending_403" time="0.445" /><testcase classname="backend.tests.test_phase2_checkout.TestStripeCheckout" name="test_create_checkout_invalid_product_400" time="0.193" /><testcase classname="backend.tests.test_phase2_checkout.TestStripeCheckout" name="test_create_checkout_success_persists_state" time="1.854" /><testcase classname="backend.tests.test_phase2_checkout.TestStripeCheckout" name="test_status_unauth_401" time="0.197" /><testcase classname="backend.tests.test_phase2_checkout.TestStripeCheckout" name="test_status_ownership_enforced" time="0.465" /><testcase classname="backend.tests.test_phase2_checkout.TestStripeCheckout" name="test_status_unknown_session_404" time="0.219" /><testcase classname="backend.tests.test_phase2_checkout.TestStripeWebhook" name="test_webhook_invalid_signature_returns_4xx_not_5xx" time="0.271" /><testcase classname="backend.tests.test_phase2_checkout.TestSeedIdempotency" name="test_no_duplicate_skus" time="0.011" /><testcase classname="backend.tests.test_phase2_checkout.TestRegression" name="test_root" time="0.242" /><testcase classname="backend.tests.test_phase2_checkout.TestRegression" name="test_auth_required_for_orders" time="0.181" /><testcase classname="backend.tests.test_phase2_checkout.TestRegression" name="test_cod_order_still_works" time="0.475" /><testcase classname="backend.tests.test_phase2_checkout.TestRegression" name="test_credit_order_does_not_break" time="0.414" /><testcase classname="backend.tests.test_phase2_checkout.TestRegression" name="test_admin_endpoints_still_work" time="0.222" /></testsuite></testsuites>