<?xml version="1.0" encoding="utf-8"?><testsuites name="pytest tests"><testsuite name="pytest" errors="0" failures="0" skipped="0" tests="10" time="5.891" timestamp="2026-05-06T20:49:01.872878+00:00" hostname="agent-env-0f6a0bae-ecc1-4911-a6d3-e07417f5aafe"><testcase classname="backend.tests.test_iter9_regression.TestPublicEndpoints" name="test_stats_returns_required_fields" time="4.080" /><testcase classname="backend.tests.test_iter9_regression.TestPublicEndpoints" name="test_catalog_returns_array" time="0.210" /><testcase classname="backend.tests.test_iter9_regression.TestPublicEndpoints" name="test_categories_returns_200" time="0.183" /><testcase classname="backend.tests.test_iter9_regression.TestAuth" name="test_workshop_me" time="0.141" /><testcase classname="backend.tests.test_iter9_regression.TestAuth" name="test_admin_me_primary" time="0.224" /><testcase classname="backend.tests.test_iter9_regression.TestAuth" name="test_admin_me_seeded" time="0.151" /><testcase classname="backend.tests.test_iter9_regression.TestAuth" name="test_unauth_me_rejected" time="0.250" /><testcase classname="backend.tests.test_iter9_regression.TestVinPassport" name="test_generate_passport" time="0.266" /><testcase classname="backend.tests.test_iter9_regression.TestVinPassport" name="test_public_view_passport" time="0.165" /><testcase classname="backend.tests.test_iter9_regression.TestVinPassport" name="test_pdf_download" time="0.175" /></testsuite></testsuites>