<?xml version="1.0" encoding="utf-8"?><testsuites name="pytest tests"><testsuite name="pytest" errors="0" failures="1" skipped="0" tests="20" time="5.880" timestamp="2026-05-06T20:06:58.275695+00:00" hostname="agent-env-0f6a0bae-ecc1-4911-a6d3-e07417f5aafe"><testcase classname="backend.tests.test_iter8_passport_ticker_joyid.TestPublicStats" name="test_returns_200_and_required_fields" time="0.351" /><testcase classname="backend.tests.test_iter8_passport_ticker_joyid.TestAdminTicker" name="test_get_requires_auth" time="0.233" /><testcase classname="backend.tests.test_iter8_passport_ticker_joyid.TestAdminTicker" name="test_get_forbids_workshop" time="0.162" /><testcase classname="backend.tests.test_iter8_passport_ticker_joyid.TestAdminTicker" name="test_post_requires_auth" time="0.199" /><testcase classname="backend.tests.test_iter8_passport_ticker_joyid.TestAdminTicker" name="test_post_forbids_workshop" time="0.190" /><testcase classname="backend.tests.test_iter8_passport_ticker_joyid.TestAdminTicker" name="test_admin_can_get_ticker" time="0.167" /><testcase classname="backend.tests.test_iter8_passport_ticker_joyid.TestAdminTicker" name="test_set_clear_and_cache_bust" time="1.504" /><testcase classname="backend.tests.test_iter8_passport_ticker_joyid.TestAuthMeJoyId" name="test_admin_me_has_joy_id" time="0.217" /><testcase classname="backend.tests.test_iter8_passport_ticker_joyid.TestAuthMeJoyId" name="test_workshop_me_has_joy_id" time="0.161" /><testcase classname="backend.tests.test_iter8_passport_ticker_joyid.TestAuthMeJoyId" name="test_backfill_idempotent_and_counter_atomic" time="0.466" /><testcase classname="backend.tests.test_iter8_passport_ticker_joyid.TestAuthMeJoyId" name="test_joy_id_unique_across_users" time="0.438"><failure message="AssertionError: assert 'JOY-1001' != 'JOY-1001'">backend/tests/test_iter8_passport_ticker_joyid.py:256: in test_joy_id_unique_across_users
    assert ids[0] != ids[1]
E   AssertionError: assert 'JOY-1001' != 'JOY-1001'</failure></testcase><testcase classname="backend.tests.test_iter8_passport_ticker_joyid.TestAuthMeJoyId" name="test_orders_workshops_tie_to_user_id_not_joy_id" time="0.004" /><testcase classname="backend.tests.test_iter8_passport_ticker_joyid.TestVinPassport" name="test_generate_requires_login" time="0.255" /><testcase classname="backend.tests.test_iter8_passport_ticker_joyid.TestVinPassport" name="test_generate_invalid_vin" time="0.153" /><testcase classname="backend.tests.test_iter8_passport_ticker_joyid.TestVinPassport" name="test_generate_returns_token_and_urls" time="0.162" /><testcase classname="backend.tests.test_iter8_passport_ticker_joyid.TestVinPassport" name="test_generate_idempotent_same_token" time="0.171" /><testcase classname="backend.tests.test_iter8_passport_ticker_joyid.TestVinPassport" name="test_view_passport_public_no_auth" time="0.165" /><testcase classname="backend.tests.test_iter8_passport_ticker_joyid.TestVinPassport" name="test_view_unknown_token_404" time="0.366" /><testcase classname="backend.tests.test_iter8_passport_ticker_joyid.TestVinPassport" name="test_pdf_public_no_auth_starts_with_pdf_magic" time="0.190" /><testcase classname="backend.tests.test_iter8_passport_ticker_joyid.TestVinPassport" name="test_pdf_unknown_token_404" time="0.187" /></testsuite></testsuites>