<?xml version="1.0" encoding="utf-8"?><testsuites name="pytest tests"><testsuite name="pytest" errors="0" failures="0" skipped="0" tests="8" time="44.212" timestamp="2026-05-07T03:05:49.018566+00:00" hostname="agent-env-0f6a0bae-ecc1-4911-a6d3-e07417f5aafe"><testcase classname="backend.tests.test_iter23_guardian" name="test_guardian_message_basic" time="10.760" /><testcase classname="backend.tests.test_iter23_guardian" name="test_guardian_empty_message_400" time="0.053" /><testcase classname="backend.tests.test_iter23_guardian" name="test_guardian_whitespace_message_400" time="0.054" /><testcase classname="backend.tests.test_iter23_guardian" name="test_guardian_message_too_long_400" time="0.050" /><testcase classname="backend.tests.test_iter23_guardian" name="test_guardian_history_returns_pair" time="1.056" /><testcase classname="backend.tests.test_iter23_guardian" name="test_guardian_history_no_session_400" time="0.052" /><testcase classname="backend.tests.test_iter23_guardian" name="test_guardian_rate_limit_429" time="32.127" /><testcase classname="backend.tests.test_iter23_guardian" name="test_guardian_reply_quality" time="0.001" /></testsuite></testsuites>