<?xml version="1.0" encoding="utf-8"?><testsuites name="pytest tests"><testsuite name="pytest" errors="0" failures="1" skipped="0" tests="18" time="17.046" timestamp="2026-05-06T21:49:06.038463+00:00" hostname="agent-env-0f6a0bae-ecc1-4911-a6d3-e07417f5aafe"><testcase classname="backend.tests.test_iter12_visual_jobcards.TestVisualSearch" name="test_visual_search_happy_path" time="10.011" /><testcase classname="backend.tests.test_iter12_visual_jobcards.TestVisualSearch" name="test_visual_search_rejects_text_mime" time="0.189" /><testcase classname="backend.tests.test_iter12_visual_jobcards.TestVisualSearch" name="test_visual_search_requires_auth" time="0.299" /><testcase classname="backend.tests.test_iter12_visual_jobcards.TestJobCards" name="test_list_job_cards" time="0.164" /><testcase classname="backend.tests.test_iter12_visual_jobcards.TestJobCards" name="test_list_filter_status" time="0.174" /><testcase classname="backend.tests.test_iter12_visual_jobcards.TestJobCards" name="test_create_validation_missing_complaint" time="0.155" /><testcase classname="backend.tests.test_iter12_visual_jobcards.TestJobCards" name="test_create_validation_missing_brand" time="0.153" /><testcase classname="backend.tests.test_iter12_visual_jobcards.TestJobCards" name="test_get_job_card" time="0.543" /><testcase classname="backend.tests.test_iter12_visual_jobcards.TestJobCards" name="test_patch_status_and_parts" time="0.180"><failure message="AttributeError: 'list' object has no attribute 'get'">backend/tests/test_iter12_visual_jobcards.py:121: in test_patch_status_and_parts
    items = data.get("products") or data.get("items") or (data if isinstance(data, list) else [])
            ^^^^^^^^
E   AttributeError: 'list' object has no attribute 'get'</failure></testcase><testcase classname="backend.tests.test_iter12_visual_jobcards.TestJobCards" name="test_patch_invalid_status" time="0.165" /><testcase classname="backend.tests.test_iter12_visual_jobcards.TestJobCards" name="test_to_cart" time="0.182" /><testcase classname="backend.tests.test_iter12_visual_jobcards.TestJobCards" name="test_complete_status_sets_completed_at" time="0.153" /><testcase classname="backend.tests.test_iter12_visual_jobcards.TestJobCards" name="test_delete_job_card" time="0.336" /><testcase classname="backend.tests.test_iter12_visual_jobcards.TestJobCards" name="test_existing_seeded_jc" time="0.139" /><testcase classname="backend.tests.test_iter12_visual_jobcards.TestRegression" name="test_landing_stats" time="0.128" /><testcase classname="backend.tests.test_iter12_visual_jobcards.TestRegression" name="test_cars_news" time="3.565" /><testcase classname="backend.tests.test_iter12_visual_jobcards.TestRegression" name="test_products_list_auth" time="0.185" /><testcase classname="backend.tests.test_iter12_visual_jobcards.TestRegression" name="test_orders_list_auth" time="0.153" /></testsuite></testsuites>