<?xml version="1.0" encoding="utf-8"?><testsuites name="pytest tests"><testsuite name="pytest" errors="0" failures="0" skipped="0" tests="8" time="4.360" timestamp="2026-05-06T23:30:20.108846+00:00" hostname="agent-env-0f6a0bae-ecc1-4911-a6d3-e07417f5aafe"><testcase classname="backend.tests.test_iter16_push_prefs.TestPushPrefsGet" name="test_get_returns_defaults_for_fresh_user" time="0.710" /><testcase classname="backend.tests.test_iter16_push_prefs.TestPushPrefsGet" name="test_get_requires_auth" time="0.230" /><testcase classname="backend.tests.test_iter16_push_prefs.TestPushPrefsPut" name="test_put_single_key_merges" time="0.501" /><testcase classname="backend.tests.test_iter16_push_prefs.TestPushPrefsPut" name="test_put_empty_body_is_noop" time="0.585" /><testcase classname="backend.tests.test_iter16_push_prefs.TestPushPrefsPut" name="test_put_multiple_keys" time="0.367" /><testcase classname="backend.tests.test_iter16_push_prefs.TestPushTestBypassesPrefs" name="test_push_test_works_with_all_disabled" time="0.550" /><testcase classname="backend.tests.test_iter16_push_prefs.TestCategoryGating" name="test_order_updates_false_skips_push_path" time="0.679" /><testcase classname="backend.tests.test_iter16_push_prefs.TestCategoryGating" name="test_low_stock_still_enabled_after_order_disabled" time="0.681" /></testsuite></testsuites>