<?xml version="1.0" encoding="utf-8"?><testsuites name="pytest tests"><testsuite name="pytest" errors="0" failures="0" skipped="0" tests="5" time="68.912" timestamp="2026-05-07T03:24:27.709002+00:00" hostname="agent-env-0f6a0bae-ecc1-4911-a6d3-e07417f5aafe"><testcase classname="backend.tests.test_iter24_genius" name="test_guardian_public_unauthenticated_reply" time="16.044" /><testcase classname="backend.tests.test_iter24_genius" name="test_guardian_authenticated_credit_and_orders" time="5.777" /><testcase classname="backend.tests.test_iter24_genius" name="test_guardian_authenticated_catalogue_brake_pads" time="5.754" /><testcase classname="backend.tests.test_iter24_genius" name="test_guardian_history_persists" time="10.708" /><testcase classname="backend.tests.test_iter24_genius" name="test_guardian_rate_limit_12_per_min" time="30.505" /></testsuite></testsuites>