<?xml version="1.0" encoding="utf-8"?><testsuites name="pytest tests"><testsuite name="pytest" errors="0" failures="0" skipped="0" tests="22" time="5.280" timestamp="2026-05-06T21:07:34.477109+00:00" hostname="agent-env-0f6a0bae-ecc1-4911-a6d3-e07417f5aafe"><testcase classname="backend.tests.test_iter10_team_fleets.TestTeamMembers" name="test_members_workshop_ok" time="0.316" /><testcase classname="backend.tests.test_iter10_team_fleets.TestTeamMembers" name="test_members_admin_rejected" time="0.160" /><testcase classname="backend.tests.test_iter10_team_fleets.TestInvitations" name="test_invalid_role_rejected" time="0.163" /><testcase classname="backend.tests.test_iter10_team_fleets.TestInvitations" name="test_create_invitation" time="0.181" /><testcase classname="backend.tests.test_iter10_team_fleets.TestInvitations" name="test_list_invitations" time="0.157" /><testcase classname="backend.tests.test_iter10_team_fleets.TestInvitations" name="test_lookup_public_no_auth" time="0.153" /><testcase classname="backend.tests.test_iter10_team_fleets.TestInvitations" name="test_lookup_bad_token_404" time="0.166" /><testcase classname="backend.tests.test_iter10_team_fleets.TestInvitations" name="test_accept_invitation_wrong_email" time="0.201" /><testcase classname="backend.tests.test_iter10_team_fleets.TestInvitations" name="test_accept_invitation_ok" time="0.222" /><testcase classname="backend.tests.test_iter10_team_fleets.TestInvitations" name="test_members_after_accept" time="0.239" /><testcase classname="backend.tests.test_iter10_team_fleets.TestInvitations" name="test_lookup_after_accept_410" time="0.176" /><testcase classname="backend.tests.test_iter10_team_fleets.TestInvitations" name="test_remove_member" time="0.335" /><testcase classname="backend.tests.test_iter10_team_fleets.TestInvitations" name="test_remove_owner_rejected" time="0.421" /><testcase classname="backend.tests.test_iter10_team_fleets.TestInvitations" name="test_revoke_invitation_404_when_accepted" time="0.496" /><testcase classname="backend.tests.test_iter10_team_fleets.TestFleets" name="test_create_fleet" time="0.254" /><testcase classname="backend.tests.test_iter10_team_fleets.TestFleets" name="test_list_fleets" time="0.151" /><testcase classname="backend.tests.test_iter10_team_fleets.TestFleets" name="test_get_fleet" time="0.208" /><testcase classname="backend.tests.test_iter10_team_fleets.TestFleets" name="test_patch_fleet" time="0.372" /><testcase classname="backend.tests.test_iter10_team_fleets.TestFleets" name="test_reorder_suggestions" time="0.171" /><testcase classname="backend.tests.test_iter10_team_fleets.TestFleets" name="test_delete_fleet" time="0.334" /><testcase classname="backend.tests.test_iter10_team_fleets.TestAuthNegatives" name="test_fleets_unauth" time="0.158" /><testcase classname="backend.tests.test_iter10_team_fleets.TestAuthNegatives" name="test_team_unauth" time="0.174" /></testsuite></testsuites>