<?xml version="1.0" encoding="utf-8"?><testsuites name="pytest tests"><testsuite name="pytest" errors="0" failures="0" skipped="0" tests="16" time="13.272" timestamp="2026-05-07T18:46:44.526468+00:00" hostname="agent-env-0f6a0bae-ecc1-4911-a6d3-e07417f5aafe"><testcase classname="backend.tests.test_iter33_sourcing_genius.TestSourcingLeadAutoPromotion" name="test_zero_result_promotes_after_threshold" time="8.408" /><testcase classname="backend.tests.test_iter33_sourcing_genius.TestSourcingLeadAutoPromotion" name="test_zero_result_below_threshold_no_lead" time="1.134" /><testcase classname="backend.tests.test_iter33_sourcing_genius.TestListSourcingLeads" name="test_unauth_blocked" time="0.244" /><testcase classname="backend.tests.test_iter33_sourcing_genius.TestListSourcingLeads" name="test_workshop_blocked" time="0.202" /><testcase classname="backend.tests.test_iter33_sourcing_genius.TestListSourcingLeads" name="test_admin_returns_shape" time="0.265" /><testcase classname="backend.tests.test_iter33_sourcing_genius.TestListSourcingLeads" name="test_filter_by_status_open" time="0.271" /><testcase classname="backend.tests.test_iter33_sourcing_genius.TestUpdateSourcingLeadStatus" name="test_update_to_sourcing_then_added" time="0.572" /><testcase classname="backend.tests.test_iter33_sourcing_genius.TestUpdateSourcingLeadStatus" name="test_invalid_status_400" time="0.206" /><testcase classname="backend.tests.test_iter33_sourcing_genius.TestUpdateSourcingLeadStatus" name="test_nonexistent_lead_404" time="0.221" /><testcase classname="backend.tests.test_iter33_sourcing_genius.TestUpdateSourcingLeadStatus" name="test_unauth_blocked" time="0.206" /><testcase classname="backend.tests.test_iter33_sourcing_genius.TestActionClick" name="test_unauth_blocked" time="0.189" /><testcase classname="backend.tests.test_iter33_sourcing_genius.TestActionClick" name="test_workshop_can_post_and_persists" time="0.221" /><testcase classname="backend.tests.test_iter33_sourcing_genius.TestGeniusAnalytics" name="test_unauth_blocked" time="0.181" /><testcase classname="backend.tests.test_iter33_sourcing_genius.TestGeniusAnalytics" name="test_workshop_blocked" time="0.183" /><testcase classname="backend.tests.test_iter33_sourcing_genius.TestGeniusAnalytics" name="test_admin_full_shape" time="0.189" /><testcase classname="backend.tests.test_iter33_sourcing_genius.TestGeniusAnalytics" name="test_window_switch_7d_vs_90d" time="0.418" /></testsuite></testsuites>