<?xml version="1.0" encoding="utf-8"?><testsuites name="pytest tests"><testsuite name="pytest" errors="0" failures="1" skipped="0" tests="29" time="6.740" timestamp="2026-05-04T22:03:32.059493+00:00" hostname="agent-env-0f6a0bae-ecc1-4911-a6d3-e07417f5aafe"><testcase classname="backend.tests.test_phase5_returns_invoice.TestInvoicePDF" name="test_invoice_anon_401" time="0.314" /><testcase classname="backend.tests.test_phase5_returns_invoice.TestInvoicePDF" name="test_invoice_not_found_404" time="0.153" /><testcase classname="backend.tests.test_phase5_returns_invoice.TestInvoicePDF" name="test_invoice_owner_200_pdf" time="0.172" /><testcase classname="backend.tests.test_phase5_returns_invoice.TestInvoicePDF" name="test_invoice_admin_can_access" time="0.178" /><testcase classname="backend.tests.test_phase5_returns_invoice.TestInvoicePDF" name="test_invoice_other_workshop_403" time="0.223" /><testcase classname="backend.tests.test_phase5_returns_invoice.TestReturnsCreate" name="test_anon_401" time="0.139" /><testcase classname="backend.tests.test_phase5_returns_invoice.TestReturnsCreate" name="test_happy_path_creates_return" time="0.148" /><testcase classname="backend.tests.test_phase5_returns_invoice.TestReturnsCreate" name="test_reject_outside_7_day_window" time="0.145" /><testcase classname="backend.tests.test_phase5_returns_invoice.TestReturnsCreate" name="test_reject_not_delivered" time="0.168" /><testcase classname="backend.tests.test_phase5_returns_invoice.TestReturnsCreate" name="test_reject_unknown_order" time="0.164" /><testcase classname="backend.tests.test_phase5_returns_invoice.TestReturnsCreate" name="test_reject_item_not_in_order" time="0.160" /><testcase classname="backend.tests.test_phase5_returns_invoice.TestReturnsCreate" name="test_reject_qty_zero" time="0.162" /><testcase classname="backend.tests.test_phase5_returns_invoice.TestReturnsCreate" name="test_reject_qty_exceeds_ordered" time="0.147" /><testcase classname="backend.tests.test_phase5_returns_invoice.TestReturnsCreate" name="test_reject_empty_items" time="0.146" /><testcase classname="backend.tests.test_phase5_returns_invoice.TestReturnsCreate" name="test_reject_other_workshop_order" time="0.176" /><testcase classname="backend.tests.test_phase5_returns_invoice.TestReturnsListing" name="test_list_workshop_sees_own" time="0.355" /><testcase classname="backend.tests.test_phase5_returns_invoice.TestReturnsListing" name="test_list_admin_sees_all" time="0.277" /><testcase classname="backend.tests.test_phase5_returns_invoice.TestReturnsListing" name="test_status_filter" time="0.411" /><testcase classname="backend.tests.test_phase5_returns_invoice.TestReturnsListing" name="test_get_return_403_for_other" time="0.302" /><testcase classname="backend.tests.test_phase5_returns_invoice.TestReturnsListing" name="test_get_return_unknown_404" time="0.160" /><testcase classname="backend.tests.test_phase5_returns_invoice.TestReturnsListing" name="test_admin_returns_requires_admin" time="0.156" /><testcase classname="backend.tests.test_phase5_returns_invoice.TestReturnsListing" name="test_admin_returns_anon_401" time="0.135" /><testcase classname="backend.tests.test_phase5_returns_invoice.TestAdminDecide" name="test_approve_restocks_and_refunds_credit" time="0.275" /><testcase classname="backend.tests.test_phase5_returns_invoice.TestAdminDecide" name="test_approve_non_credit_order_no_credit_change" time="0.418" /><testcase classname="backend.tests.test_phase5_returns_invoice.TestAdminDecide" name="test_reject_invalid_decision_value" time="0.356" /><testcase classname="backend.tests.test_phase5_returns_invoice.TestAdminDecide" name="test_reject_invalid_refund_method" time="0.288" /><testcase classname="backend.tests.test_phase5_returns_invoice.TestAdminDecide" name="test_cannot_decide_already_completed" time="0.385" /><testcase classname="backend.tests.test_phase5_returns_invoice.TestAdminDecide" name="test_admin_patch_workshop_forbidden" time="0.323" /><testcase classname="backend.tests.test_phase5_returns_invoice.TestNotificationsGated" name="test_kyc_patch_does_not_block" time="0.143"><failure message="AssertionError: {&quot;detail&quot;:[{&quot;type&quot;:&quot;missing&quot;,&quot;loc&quot;:[&quot;body&quot;,&quot;decision&quot;],&quot;msg&quot;:&quot;Field required&quot;,&quot;input&quot;:{&quot;kyc_status&quot;:&quot;approved&quot;,&quot;kyc_remark&quot;:&quot;ok&quot;,&quot;credit_limit&quot;:10000},&quot;url&quot;:&quot;https://errors.pydantic.dev/2.12/v/missing&quot;}]}&#10;assert 422 == 200&#10; +  where 422 = &lt;Response [422]&gt;.status_code">backend/tests/test_phase5_returns_invoice.py:466: in test_kyc_patch_does_not_block
    assert r.status_code == 200, r.text
E   AssertionError: {"detail":[{"type":"missing","loc":["body","decision"],"msg":"Field required","input":{"kyc_status":"approved","kyc_remark":"ok","credit_limit":10000},"url":"https://errors.pydantic.dev/2.12/v/missing"}]}
E   assert 422 == 200
E    +  where 422 = &lt;Response [422]&gt;.status_code</failure></testcase></testsuite></testsuites>