<?xml version="1.0" encoding="utf-8"?><testsuites name="pytest tests"><testsuite name="pytest" errors="0" failures="0" skipped="0" tests="18" time="11.212" timestamp="2026-04-28T20:44:27.742284+00:00" hostname="agent-env-0f6a0bae-ecc1-4911-a6d3-e07417f5aafe"><testcase classname="backend.tests.test_phase2_checkout.TestKits" name="test_list_kits_returns_5_ordered_by_tier" time="0.589" /><testcase classname="backend.tests.test_phase2_checkout.TestProductsExpandedCatalog" name="test_products_count_and_categories" time="0.360" /><testcase classname="backend.tests.test_phase2_checkout.TestProductsExpandedCatalog" name="test_products_filter_body_kits_returns_5" time="0.429" /><testcase classname="backend.tests.test_phase2_checkout.TestProductsExpandedCatalog" name="test_products_search_stealth" time="0.353" /><testcase classname="backend.tests.test_phase2_checkout.TestStripeCheckout" name="test_create_checkout_unauth_401" time="0.914" /><testcase classname="backend.tests.test_phase2_checkout.TestStripeCheckout" name="test_create_checkout_kyc_pending_403" time="1.876" /><testcase classname="backend.tests.test_phase2_checkout.TestStripeCheckout" name="test_create_checkout_invalid_product_400" time="0.499" /><testcase classname="backend.tests.test_phase2_checkout.TestStripeCheckout" name="test_create_checkout_success_persists_state" time="2.103" /><testcase classname="backend.tests.test_phase2_checkout.TestStripeCheckout" name="test_status_unauth_401" time="0.255" /><testcase classname="backend.tests.test_phase2_checkout.TestStripeCheckout" name="test_status_ownership_enforced" time="0.334" /><testcase classname="backend.tests.test_phase2_checkout.TestStripeCheckout" name="test_status_unknown_session_404" time="0.390" /><testcase classname="backend.tests.test_phase2_checkout.TestStripeWebhook" name="test_webhook_invalid_signature_returns_4xx_not_5xx" time="0.268" /><testcase classname="backend.tests.test_phase2_checkout.TestSeedIdempotency" name="test_no_duplicate_skus" time="0.024" /><testcase classname="backend.tests.test_phase2_checkout.TestRegression" name="test_root" time="0.273" /><testcase classname="backend.tests.test_phase2_checkout.TestRegression" name="test_auth_required_for_orders" time="0.244" /><testcase classname="backend.tests.test_phase2_checkout.TestRegression" name="test_cod_order_still_works" time="0.809" /><testcase classname="backend.tests.test_phase2_checkout.TestRegression" name="test_credit_order_does_not_break" time="0.683" /><testcase classname="backend.tests.test_phase2_checkout.TestRegression" name="test_admin_endpoints_still_work" time="0.319" /></testsuite></testsuites>