<?xml version="1.0" encoding="utf-8"?><testsuites name="pytest tests"><testsuite name="pytest" errors="0" failures="0" skipped="0" tests="5" time="2.685" timestamp="2026-05-05T20:30:56.120575+00:00" hostname="agent-env-0f6a0bae-ecc1-4911-a6d3-e07417f5aafe"><testcase classname="backend.tests.test_phase7_tier_upgrade.TestInsightsJoyScore" name="test_insights_requires_auth" time="1.623" /><testcase classname="backend.tests.test_phase7_tier_upgrade.TestInsightsJoyScore" name="test_insights_returns_joy_score_and_next_threshold" time="0.188" /><testcase classname="backend.tests.test_phase7_tier_upgrade.TestAdminTierUpgradesEndpoint" name="test_admin_list_requires_admin" time="0.159" /><testcase classname="backend.tests.test_phase7_tier_upgrade.TestAdminTierUpgradesEndpoint" name="test_admin_list_returns_list" time="0.185" /><testcase classname="backend.tests.test_phase7_tier_upgrade.TestOrderTriggersAutoUpgrade" name="test_order_bumps_to_gold" time="0.475" /></testsuite></testsuites>