<?xml version="1.0" encoding="utf-8"?><testsuites name="pytest tests"><testsuite name="pytest" errors="0" failures="0" skipped="0" tests="10" time="12.187" timestamp="2026-05-05T19:50:57.946604+00:00" hostname="agent-env-0f6a0bae-ecc1-4911-a6d3-e07417f5aafe"><testcase classname="backend.tests.test_phase6_public_insights_bundles.TestPublicCatalog" name="test_catalog_no_auth_returns_38_plus" time="0.379" /><testcase classname="backend.tests.test_phase6_public_insights_bundles.TestPublicCatalog" name="test_catalog_anonymous_no_auth_header" time="0.211" /><testcase classname="backend.tests.test_phase6_public_insights_bundles.TestPublicCatalog" name="test_categories_no_auth" time="0.174" /><testcase classname="backend.tests.test_phase6_public_insights_bundles.TestWorkshopInsights" name="test_insights_requires_auth" time="0.186" /><testcase classname="backend.tests.test_phase6_public_insights_bundles.TestWorkshopInsights" name="test_insights_response_shape" time="0.166" /><testcase classname="backend.tests.test_phase6_public_insights_bundles.TestSavedBundles" name="test_create_bundle_requires_name" time="0.174" /><testcase classname="backend.tests.test_phase6_public_insights_bundles.TestSavedBundles" name="test_create_bundle_requires_items" time="0.162" /><testcase classname="backend.tests.test_phase6_public_insights_bundles.TestSavedBundles" name="test_full_crud_owner_isolation" time="1.110" /><testcase classname="backend.tests.test_phase6_public_insights_bundles.TestChatSmoke" name="test_chat_message_returns_200" time="9.362" /><testcase classname="backend.tests.test_phase6_public_insights_bundles.TestPrerenderShell" name="test_index_html_contains_joy_automart" time="0.201" /></testsuite></testsuites>