<?xml version="1.0" encoding="utf-8"?><testsuites name="pytest tests"><testsuite name="pytest" errors="0" failures="0" skipped="0" tests="18" time="5.571" timestamp="2026-05-04T21:28:01.256098+00:00" hostname="agent-env-0f6a0bae-ecc1-4911-a6d3-e07417f5aafe"><testcase classname="backend.tests.test_phase4.TestServicePacks" name="test_list_anon_returns_5_packs_retail" time="0.388" /><testcase classname="backend.tests.test_phase4.TestServicePacks" name="test_list_workshop_silver_default_tier" time="0.219" /><testcase classname="backend.tests.test_phase4.TestServicePacks" name="test_list_workshop_gold_tier" time="0.264" /><testcase classname="backend.tests.test_phase4.TestDeliveryPersonsCRUD" name="test_create_requires_admin_workshop_403" time="0.241" /><testcase classname="backend.tests.test_phase4.TestDeliveryPersonsCRUD" name="test_create_anon_401" time="0.222" /><testcase classname="backend.tests.test_phase4.TestDeliveryPersonsCRUD" name="test_list_anon_401" time="0.153" /><testcase classname="backend.tests.test_phase4.TestDeliveryPersonsCRUD" name="test_list_workshop_403" time="0.140" /><testcase classname="backend.tests.test_phase4.TestDeliveryPersonsCRUD" name="test_create_rejects_empty_name" time="0.180" /><testcase classname="backend.tests.test_phase4.TestDeliveryPersonsCRUD" name="test_create_rejects_empty_phone" time="0.168" /><testcase classname="backend.tests.test_phase4.TestDeliveryPersonsCRUD" name="test_create_then_list_then_update_then_delete" time="0.817" /><testcase classname="backend.tests.test_phase4.TestDeliveryPersonsCRUD" name="test_delete_blocked_with_active_assignment" time="0.739" /><testcase classname="backend.tests.test_phase4.TestOrderDeliveryAssignment" name="test_assign_requires_admin" time="0.151" /><testcase classname="backend.tests.test_phase4.TestOrderDeliveryAssignment" name="test_assign_anon_401" time="0.135" /><testcase classname="backend.tests.test_phase4.TestOrderDeliveryAssignment" name="test_assign_unknown_order_404" time="0.343" /><testcase classname="backend.tests.test_phase4.TestOrderDeliveryAssignment" name="test_assign_invalid_rider_400" time="0.172" /><testcase classname="backend.tests.test_phase4.TestOrderDeliveryAssignment" name="test_assign_rider_copies_info_and_history" time="0.342" /><testcase classname="backend.tests.test_phase4.TestOrderDeliveryAssignment" name="test_fee_updates_total_profit_and_credit" time="0.520" /><testcase classname="backend.tests.test_phase4.TestOrderDeliveryAssignment" name="test_fee_no_credit_adjust_on_paid_order" time="0.274" /></testsuite></testsuites>