<?xml version="1.0" encoding="utf-8"?><testsuites name="pytest tests"><testsuite name="pytest" errors="0" failures="0" skipped="0" tests="30" time="14.832" timestamp="2026-04-28T21:09:14.114825+00:00" hostname="agent-env-0f6a0bae-ecc1-4911-a6d3-e07417f5aafe"><testcase classname="backend.tests.test_phase3.TestQuote" name="test_quote_requires_auth" time="0.579" /><testcase classname="backend.tests.test_phase3.TestQuote" name="test_quote_tier_thresholds[49999-0.0-0.0]" time="0.452" /><testcase classname="backend.tests.test_phase3.TestQuote" name="test_quote_tier_thresholds[50000-0.05-2500.0]" time="0.365" /><testcase classname="backend.tests.test_phase3.TestQuote" name="test_quote_tier_thresholds[99999-0.05-4999.95]" time="0.366" /><testcase classname="backend.tests.test_phase3.TestQuote" name="test_quote_tier_thresholds[100000-0.07-7000.0]" time="0.296" /><testcase classname="backend.tests.test_phase3.TestQuote" name="test_quote_tier_thresholds[299999-0.07-20999.93]" time="0.428" /><testcase classname="backend.tests.test_phase3.TestQuote" name="test_quote_tier_thresholds[300000-0.1-30000.0]" time="0.470" /><testcase classname="backend.tests.test_phase3.TestQuote" name="test_quote_label_set_when_tier_applies" time="0.383" /><testcase classname="backend.tests.test_phase3.TestQuote" name="test_quote_label_empty_below_threshold" time="0.326" /><testcase classname="backend.tests.test_phase3.TestOrdersDiscount" name="test_order_applies_discount_and_credit_used_post_discount" time="0.358" /><testcase classname="backend.tests.test_phase3.TestOrdersDiscount" name="test_order_below_threshold_no_discount" time="0.391" /><testcase classname="backend.tests.test_phase3.TestOrdersDiscount" name="test_credit_check_uses_post_discount" time="0.323" /><testcase classname="backend.tests.test_phase3.TestOrdersDiscount" name="test_credit_check_rejects_when_post_discount_exceeds_limit" time="0.383" /><testcase classname="backend.tests.test_phase3.TestInquiriesPublic" name="test_inquiry_public_no_auth_required" time="1.875" /><testcase classname="backend.tests.test_phase3.TestInquiriesPublic" name="test_inquiry_resolves_kit_name" time="0.537" /><testcase classname="backend.tests.test_phase3.TestInquiriesPublic" name="test_inquiry_rejects_missing_required[name]" time="0.380" /><testcase classname="backend.tests.test_phase3.TestInquiriesPublic" name="test_inquiry_rejects_missing_required[phone]" time="0.302" /><testcase classname="backend.tests.test_phase3.TestInquiriesPublic" name="test_inquiry_rejects_missing_required[car_make_model]" time="0.600" /><testcase classname="backend.tests.test_phase3.TestAdminInquiries" name="test_list_requires_admin" time="0.360" /><testcase classname="backend.tests.test_phase3.TestAdminInquiries" name="test_list_unauthenticated_returns_401" time="0.239" /><testcase classname="backend.tests.test_phase3.TestAdminInquiries" name="test_list_sorted_desc_and_status_filter" time="2.093" /><testcase classname="backend.tests.test_phase3.TestAdminInquiries" name="test_patch_requires_admin" time="0.289" /><testcase classname="backend.tests.test_phase3.TestAdminInquiries" name="test_patch_valid_status_with_note" time="0.229" /><testcase classname="backend.tests.test_phase3.TestAdminInquiries" name="test_patch_invalid_status_rejected" time="0.285" /><testcase classname="backend.tests.test_phase3.TestBulkCSV" name="test_requires_admin" time="0.374" /><testcase classname="backend.tests.test_phase3.TestBulkCSV" name="test_missing_required_headers_rejected" time="0.531" /><testcase classname="backend.tests.test_phase3.TestBulkCSV" name="test_non_utf8_rejected" time="0.342" /><testcase classname="backend.tests.test_phase3.TestBulkCSV" name="test_insert_and_update_skus" time="0.328" /><testcase classname="backend.tests.test_phase3.TestBulkCSV" name="test_row_errors_reported_but_others_inserted" time="0.347" /><testcase classname="backend.tests.test_phase3.TestAdminStats" name="test_stats_includes_new_inquiries" time="0.260" /></testsuite></testsuites>