<?xml version="1.0" encoding="utf-8"?><testsuites name="pytest tests"><testsuite name="pytest" errors="0" failures="0" skipped="0" tests="33" time="10.928" timestamp="2026-04-28T19:47:53.562920+00:00" hostname="agent-env-0f6a0bae-ecc1-4911-a6d3-e07417f5aafe"><testcase classname="test_api.TestRoot" name="test_root" time="0.326" /><testcase classname="test_api.TestProducts" name="test_list_products_returns_at_least_12" time="0.201" /><testcase classname="test_api.TestProducts" name="test_filter_by_category_brake" time="0.181" /><testcase classname="test_api.TestProducts" name="test_search_q_brake_case_insensitive" time="0.183" /><testcase classname="test_api.TestProducts" name="test_get_single_product" time="0.684" /><testcase classname="test_api.TestProducts" name="test_get_product_404" time="0.725" /><testcase classname="test_api.TestAuthGating" name="test_requires_auth[/api/auth/me]" time="0.173" /><testcase classname="test_api.TestAuthGating" name="test_requires_auth[/api/workshop/me]" time="0.693" /><testcase classname="test_api.TestAuthGating" name="test_requires_auth[/api/orders]" time="0.460" /><testcase classname="test_api.TestAuthGating" name="test_auth_me_with_workshop_token" time="0.276" /><testcase classname="test_api.TestAuthGating" name="test_workshop_me" time="0.206" /><testcase classname="test_api.TestWorkshopProfile" name="test_update_profile" time="0.160" /><testcase classname="test_api.TestOrders" name="test_create_order_403_when_kyc_not_approved" time="0.469" /><testcase classname="test_api.TestOrders" name="test_create_order_below_moq" time="0.176" /><testcase classname="test_api.TestOrders" name="test_create_cod_order_success" time="0.215" /><testcase classname="test_api.TestOrders" name="test_create_credit_order_success_and_credit_used" time="0.207" /><testcase classname="test_api.TestOrders" name="test_create_credit_order_insufficient" time="0.180" /><testcase classname="test_api.TestOrders" name="test_list_orders_for_workshop" time="0.157" /><testcase classname="test_api.TestAdminRBAC" name="test_workshop_forbidden[/api/admin/stats]" time="0.169" /><testcase classname="test_api.TestAdminRBAC" name="test_workshop_forbidden[/api/admin/workshops]" time="0.162" /><testcase classname="test_api.TestAdminRBAC" name="test_admin_allowed[/api/admin/stats]" time="0.170" /><testcase classname="test_api.TestAdminRBAC" name="test_admin_allowed[/api/admin/workshops]" time="0.181" /><testcase classname="test_api.TestAdminWorkflow" name="test_admin_stats_shape" time="0.170" /><testcase classname="test_api.TestAdminWorkflow" name="test_kyc_decision_approved" time="0.205" /><testcase classname="test_api.TestAdminWorkflow" name="test_kyc_decision_invalid" time="0.267" /><testcase classname="test_api.TestAdminWorkflow" name="test_set_credit_limit" time="0.160" /><testcase classname="test_api.TestAdminWorkflow" name="test_order_status_progression" time="0.819" /><testcase classname="test_api.TestAdminWorkflow" name="test_mark_credit_order_paid_decrements_credit" time="0.199" /><testcase classname="test_api.TestAdminProducts" name="test_admin_product_crud" time="1.042" /><testcase classname="test_api.TestAdminProducts" name="test_workshop_cannot_create_product" time="0.159" /><testcase classname="test_api.TestKycUpload" name="test_upload_and_serve" time="0.993" /><testcase classname="test_api.TestKycUpload" name="test_files_requires_auth" time="0.222" /><testcase classname="test_api.TestKycUpload" name="test_files_forbidden_other_user" time="0.197" /></testsuite></testsuites>