<?xml version="1.0" encoding="utf-8"?><testsuites name="pytest tests"><testsuite name="pytest" errors="0" failures="1" skipped="0" tests="10" time="4.075" timestamp="2026-05-07T17:49:38.599921+00:00" hostname="agent-env-0f6a0bae-ecc1-4911-a6d3-e07417f5aafe"><testcase classname="backend.tests.test_search_analytics.TestPublicSearchLog" name="test_valid_log_inserted" time="0.526" /><testcase classname="backend.tests.test_search_analytics.TestPublicSearchLog" name="test_short_query_skipped" time="0.204" /><testcase classname="backend.tests.test_search_analytics.TestPublicSearchLog" name="test_empty_query_skipped" time="0.195" /><testcase classname="backend.tests.test_search_analytics.TestPublicSearchLog" name="test_truncation_query_120_source_40" time="0.169"><failure message="assert 422 == 200&#10; +  where 422 = &lt;Response [422]&gt;.status_code">backend/tests/test_search_analytics.py:49: in test_truncation_query_120_source_40
    assert r.status_code == 200
E   assert 422 == 200
E    +  where 422 = &lt;Response [422]&gt;.status_code</failure></testcase><testcase classname="backend.tests.test_search_analytics.TestPublicSearchLog" name="test_zero_result_flag_set" time="0.257" /><testcase classname="backend.tests.test_search_analytics.TestSearchAnalyticsAuth" name="test_unauth_blocked" time="0.196" /><testcase classname="backend.tests.test_search_analytics.TestSearchAnalyticsAuth" name="test_workshop_blocked" time="0.203" /><testcase classname="backend.tests.test_search_analytics.TestSearchAnalyticsAuth" name="test_admin_allowed" time="0.191" /><testcase classname="backend.tests.test_search_analytics.TestSearchAnalyticsAggregation" name="test_full_aggregation_shape_and_zero_rate" time="1.380" /><testcase classname="backend.tests.test_search_analytics.TestSearchAnalyticsAggregation" name="test_window_days_param" time="0.615" /></testsuite></testsuites>